<?xml version="1.0" encoding="UTF-8"?>
<!-- Generated by org.testng.reporters.JUnitReportReporter -->
<testsuite hostname="DESKTOP-9CO02UK" failures="0" tests="2" name="tests.Testexamples" time="4.355" errors="0" timestamp="2022-02-28T14:01:34 EAT" skipped="0">
  <testcase classname="tests.Testexamples" name="test_one" time="2.813"/>
  <system-out/>
  <testcase classname="tests.Testexamples" name="test_two" time="1.542"/>
  <system-out/>
</testsuite> <!-- tests.Testexamples -->
