<?xml version="1.0" encoding="UTF-8"?>
<!-- Generated by org.testng.reporters.JUnitReportReporter -->
<testsuite hostname="DESKTOP-9CO02UK" failures="0" tests="3" name="tests.PutPatchDeleteExample" time="4.885" errors="0" timestamp="2022-03-01T11:54:27 EAT" skipped="0">
  <testcase classname="tests.PutPatchDeleteExample" name="testPut" time="0.731"/>
  <system-out/>
  <testcase classname="tests.PutPatchDeleteExample" name="testDelete" time="3.274"/>
  <system-out/>
  <testcase classname="tests.PutPatchDeleteExample" name="testPatch" time="0.880"/>
  <system-out/>
</testsuite> <!-- tests.PutPatchDeleteExample -->
