<?xml version="1.0" encoding="UTF-8"?>
<!-- Generated by org.testng.reporters.JUnitReportReporter -->
<testsuite hostname="DESKTOP-9CO02UK" failures="0" tests="2" name="tests.DeleteExample" time="4.273" errors="0" timestamp="2022-03-01T11:49:23 EAT" skipped="0">
  <testcase classname="tests.DeleteExample" name="testPut" time="1.357"/>
  <system-out/>
  <testcase classname="tests.DeleteExample" name="testDelete" time="2.916"/>
  <system-out/>
</testsuite> <!-- tests.DeleteExample -->
