<?xml version="1.0" encoding="UTF-8"?>
<!-- Generated by org.testng.reporters.JUnitReportReporter -->
<testsuite hostname="DESKTOP-9CO02UK" failures="0" tests="1" name="tests.TestsExample" time="3.454" errors="0" timestamp="2022-02-28T09:07:10 EAT" skipped="0">
  <testcase classname="tests.TestsExample" name="test_one" time="3.454"/>
  <system-out/>
</testsuite> <!-- tests.TestsExample -->
