<?xml version="1.0" encoding="UTF-8"?>
<!-- Generated by org.testng.reporters.JUnitReportReporter -->
<testsuite hostname="DESKTOP-9CO02UK" failures="0" tests="3" name="tests.TestOnLocalAPI" time="2.197" errors="0" timestamp="2022-03-01T13:28:32 EAT" skipped="0">
  <testcase classname="tests.TestOnLocalAPI" name="delete" time="2.084"/>
  <system-out/>
  <testcase classname="tests.TestOnLocalAPI" name="post" time="0.072"/>
  <system-out/>
  <testcase classname="tests.TestOnLocalAPI" name="get" time="0.041"/>
  <system-out/>
</testsuite> <!-- tests.TestOnLocalAPI -->
