<?xml version="1.0" encoding="UTF-8"?>
<!-- Generated by org.testng.reporters.JUnitReportReporter -->
<testsuite hostname="DESKTOP-9CO02UK" failures="0" tests="2" name="tests.GetAndPostExamples" time="5.137" errors="0" timestamp="2022-02-28T15:21:24 EAT" skipped="0">
  <testcase classname="tests.GetAndPostExamples" name="testPost" time="1.392"/>
  <system-out/>
  <testcase classname="tests.GetAndPostExamples" name="testGet" time="3.745"/>
  <system-out/>
</testsuite> <!-- tests.GetAndPostExamples -->
