<?xml version="1.0" encoding="UTF-8"?>
<!-- Generated by org.testng.reporters.JUnitReportReporter -->
<testsuite hostname="DESKTOP-9CO02UK" failures="0" tests="1" name="tests.testSoapXML" time="3.817" errors="0" timestamp="2022-03-03T14:25:25 EAT" skipped="0">
  <testcase classname="tests.testSoapXML" name="validateSoapXml" time="3.817"/>
  <system-out/>
</testsuite> <!-- tests.testSoapXML -->
